Mon Jun 08 2015 14:32:16 GMT+0800 (CST):数据库操作出问题
Mon Jun 08 2015 14:36:04 GMT+0800 (CST):数据库操作出问题
Mon Jun 08 2015 14:38:30 GMT+0800 (CST):数据库操作出问题
Mon Jun 08 2015 14:44:24 GMT+0800 (CST):数据库操作出问题
Mon Jun 08 2015 14:46:26 GMT+0800 (CST):数据库数据出现问题 userName不唯一
Mon Jun 08 2015 14:48:24 GMT+0800 (CST):数据库操作出问题
Mon Jun 08 2015 15:03:13 GMT+0800 (CST):数据库数据出现问题 userName不唯一
Mon Jun 08 2015 15:03:24 GMT+0800 (CST):数据库数据出现问题 userName不唯一
Mon Jun 08 2015 15:04:02 GMT+0800 (CST):数据库数据出现问题 userName不唯一
Mon Jun 08 2015 15:04:50 GMT+0800 (CST):数据库数据出现问题 userName不唯一
Tue Jun 09 2015 11:09:21 GMT+0800 (CST):数据库操作出问题
Tue Jun 09 2015 11:09:22 GMT+0800 (CST):数据库操作出问题
Tue Jun 09 2015 11:10:22 GMT+0800 (CST):数据库操作出问题
Tue Jun 09 2015 11:28:15 GMT+0800 (CST):数据库数据出现问题 userName不唯一
Tue Jun 09 2015 11:30:15 GMT+0800 (CST):数据库数据出现问题 userName不唯一
Tue Jun 09 2015 11:30:43 GMT+0800 (CST):数据库数据出现问题 userName不唯一
Mon Jun 15 2015 17:17:17 GMT+0800 (CST):There are over one more users registered in ID 13764078944! please find out the reason ASAP.
Mon Jun 15 2015 17:19:49 GMT+0800 (CST):There are over one more users registered in ID 13764078944! please find out the reason ASAP.
Fri Jun 26 2015 20:24:34 GMT+0800 (CST):数据库操作问题
Fri Jun 26 2015 20:24:44 GMT+0800 (CST):数据库操作问题
Sun Jun 28 2015 19:00:23 GMT+0800 (CST):数据库操作问题
Fri Jul 10 2015 19:42:06 GMT+0800 (CST):数据库操作出问题
Sun Jul 12 2015 12:28:02 GMT+0800 (CST):获取缓存中的isGuest错误，请检查缓存数据添加
Sun Jul 12 2015 12:30:57 GMT+0800 (CST):获取缓存中的isGuest错误，请检查缓存数据添加
Sun Jul 12 2015 12:31:07 GMT+0800 (CST):获取缓存中的isGuest错误，请检查缓存数据添加
Sun Jul 12 2015 19:13:40 GMT+0800 (CST):数据表数据问题,因为关注的该微信 一定有该微信的openIdoQmXLvlEj-ABkB3njstCqSnxwR-0
Mon Jul 13 2015 14:25:05 GMT+0800 (CST):数据表数据问题,因为关注的该微信 一定有该微信的openIdoQmXLvtksR7u0q3XWj0vZjSolDR4
Mon Jul 13 2015 14:25:05 GMT+0800 (CST):数据表数据问题,因为关注的该微信 一定有该微信的openIdoQmXLvtksR7u0q3XWj0vZjSolDR4
Mon Jul 13 2015 14:25:11 GMT+0800 (CST):数据表数据问题,因为关注的该微信 一定有该微信的openIdoQmXLvtksR7u0q3XWj0vZjSolDR4
Mon Jul 13 2015 14:25:26 GMT+0800 (CST):数据表数据问题,因为关注的该微信 一定有该微信的openIdoQmXLvtksR7u0q3XWj0vZjSolDR4
Mon Jul 13 2015 14:25:27 GMT+0800 (CST):数据表数据问题,因为关注的该微信 一定有该微信的openIdoQmXLvtksR7u0q3XWj0vZjSolDR4
Mon Jul 13 2015 14:25:47 GMT+0800 (CST):数据表数据问题,因为关注的该微信 一定有该微信的openIdoQmXLvtksR7u0q3XWj0vZjSolDR4
Mon Jul 13 2015 14:26:30 GMT+0800 (CST):数据表数据问题,因为关注的该微信 一定有该微信的openIdoQmXLvtksR7u0q3XWj0vZjSolDR4
Mon Jul 13 2015 14:26:46 GMT+0800 (CST):数据表数据问题,因为关注的该微信 一定有该微信的openIdoQmXLvtksR7u0q3XWj0vZjSolDR4
Mon Jul 13 2015 14:57:33 GMT+0800 (CST):数据表数据问题,因为关注的该微信 一定有该微信的openIdoQmXLvtksR7u0q3XWj0vZjSolDR4
Mon Jul 13 2015 14:58:25 GMT+0800 (CST):数据表数据问题,因为关注的该微信 一定有该微信的openIdoQmXLvtksR7u0q3XWj0vZjSolDR4
Mon Jul 13 2015 15:00:03 GMT+0800 (CST):数据表数据问题,因为关注的该微信 一定有该微信的openIdoQmXLvtksR7u0q3XWj0vZjSolDR4
Mon Jul 13 2015 15:00:36 GMT+0800 (CST):数据表数据问题,因为关注的该微信 一定有该微信的openIdoQmXLvtksR7u0q3XWj0vZjSolDR4
Mon Jul 13 2015 15:16:30 GMT+0800 (CST):数据表数据问题,因为关注的该微信 一定有该微信的openIdoQmXLvtksR7u0q3XWj0vZjSolDR4
Mon Jul 13 2015 15:19:09 GMT+0800 (CST):数据表数据问题,因为关注的该微信 一定有该微信的openIdouYGlt4ptWL9nzgbyVP7sZ7K
Mon Jul 13 2015 15:19:12 GMT+0800 (CST):数据表数据问题,因为关注的该微信 一定有该微信的openIdouYGlt4ptWL9nzgbyVP7sZ7K
Mon Jul 13 2015 15:19:17 GMT+0800 (CST):数据表数据问题,因为关注的该微信 一定有该微信的openIdouYGlt4ptWL9nzgbyVP7sZ7K
Mon Jul 13 2015 15:19:27 GMT+0800 (CST):数据表数据问题,因为关注的该微信 一定有该微信的openIdouYGlt4ptWL9nzgbyVP7sZ7K
Mon Jul 13 2015 15:19:35 GMT+0800 (CST):数据表数据问题,因为关注的该微信 一定有该微信的openIdouYGlt4ptWL9nzgbyVP7sZ7K
Mon Jul 13 2015 17:45:27 GMT+0800 (CST):数据表数据问题,因为关注的该微信 一定有该微信的openIdouYGlt6k_Qn4C6-5A9dB9CpQFS5Q
Mon Jul 13 2015 18:06:25 GMT+0800 (CST):数据表数据问题,因为关注的该微信 一定有该微信的openIdoQmXLvlYO1BjQlTbBT2R582WUNUA
Mon Jul 13 2015 18:06:25 GMT+0800 (CST):数据表数据问题,因为关注的该微信 一定有该微信的openIdoQmXLvlYO1BjQlTbBT2R582WUNUA
Mon Jul 13 2015 18:47:25 GMT+0800 (CST):数据表数据问题,因为关注的该微信 一定有该微信的openIdouYGlt4ptWL9nzgbyVP7sZ7K-s_k
Mon Jul 13 2015 18:47:27 GMT+0800 (CST):数据表数据问题,因为关注的该微信 一定有该微信的openIdouYGlt4ptWL9nzgbyVP7sZ7K-s_k
Mon Jul 13 2015 18:47:30 GMT+0800 (CST):数据表数据问题,因为关注的该微信 一定有该微信的openIdouYGlt4ptWL9nzgbyVP7sZ7K-s_k
Mon Jul 13 2015 23:36:41 GMT+0800 (CST):数据库操作出问题
Mon Jul 13 2015 23:36:41 GMT+0800 (CST):数据库操作出问题
Mon Jul 13 2015 23:36:41 GMT+0800 (CST):数据库操作出问题
Mon Jul 13 2015 23:36:41 GMT+0800 (CST):数据库操作出问题
Mon Jul 13 2015 23:36:41 GMT+0800 (CST):数据库操作出问题
Tue Jul 14 2015 08:37:26 GMT+0800 (CST):数据库操作出问题
Tue Jul 14 2015 16:12:39 GMT+0800 (CST):数据表数据问题,因为关注的该微信 一定有该微信的openIdoQmXLvtksR7u0q3XWj0vZjSolDR4
Tue Jul 14 2015 16:12:40 GMT+0800 (CST):数据表数据问题,因为关注的该微信 一定有该微信的openIdoQmXLvtksR7u0q3XWj0vZjSolDR4
Tue Jul 14 2015 16:12:49 GMT+0800 (CST):数据表数据问题,因为关注的该微信 一定有该微信的openIdoQmXLvtksR7u0q3XWj0vZjSolDR4
Tue Jul 14 2015 16:13:26 GMT+0800 (CST):数据表数据问题,因为关注的该微信 一定有该微信的openIdoQmXLvtksR7u0q3XWj0vZjSolDR4
Tue Jul 21 2015 11:36:29 GMT+0800 (CST):数据库操作出问题
Mon Aug 03 2015 15:23:03 GMT+0800 (CST):数据表数据问题,因为关注的该微信 一定有该微信的openIdouYGlt6k_Qn4C6-5A9dB9CpQFS5Q
Mon Aug 03 2015 15:23:12 GMT+0800 (CST):数据表数据问题,因为关注的该微信 一定有该微信的openIdouYGlt6k_Qn4C6-5A9dB9CpQFS5Q
Mon Aug 03 2015 15:38:49 GMT+0800 (CST):数据表数据问题,因为关注的该微信 一定有该微信的openIdouYGlt6k_Qn4C6-5A9dB9CpQFS5Q
Mon Aug 03 2015 15:38:55 GMT+0800 (CST):数据表数据问题,因为关注的该微信 一定有该微信的openIdouYGlt6k_Qn4C6-5A9dB9CpQFS5Q
Tue Aug 04 2015 10:58:42 GMT+0800 (CST):数据表数据问题,因为关注的该微信 一定有该微信的openIdoQmXLvp1LmciSwDBHo9mTh1j5yjk
Tue Aug 04 2015 10:59:01 GMT+0800 (CST):数据表数据问题,因为关注的该微信 一定有该微信的openIdouYGlt6k_Qn4C6-5A9dB9CpQFS5Q
Tue Aug 04 2015 10:59:17 GMT+0800 (CST):数据表数据问题,因为关注的该微信 一定有该微信的openIdoQmXLvqj27L5XvfAcWwz63-xuJ24
Wed Aug 12 2015 23:40:12 GMT+0800 (CST):数据表数据问题,因为关注的该微信 一定有该微信的openId55c053b407a750bfa60c963c
Wed Aug 12 2015 23:40:12 GMT+0800 (CST):数据表数据问题,因为关注的该微信 一定有该微信的openId55c053b407a750bfa60c963c
Fri Aug 14 2015 10:35:25 GMT+0800 (CST):error: Error: failed to connect to [121.40.213.1:27777]
Thu Sep 10 2015 14:05:44 GMT+0800 (CST):数据库操作出问题
Thu Sep 10 2015 14:38:13 GMT+0800 (CST):数据库操作出问题
Thu Sep 10 2015 16:59:17 GMT+0800 (CST):数据库操作出问题
Thu Sep 10 2015 17:45:01 GMT+0800 (CST):数据库操作出问题
Thu Sep 10 2015 17:53:09 GMT+0800 (CST):数据库操作出问题
Fri Sep 11 2015 17:51:25 GMT+0800 (CST):数据库操作出问题
