Thu Jun 11 2015 15:35:25 GMT+0800 (CST):-----
Thu Jun 11 2015 15:37:02 GMT+0800 (CST):-----
Thu Jun 11 2015 15:37:02 GMT+0800 (CST):[{"name":"小当家","materials":[{"material_id":"556c77f1e4cb2a56570360c0","material_name":"土豆","isOffer":"1","price":"0.00"},{"material_id":"556c78ebe4cb2a56570360c2","material_name":"大白菜","isOffer":"1","price":"0.00"}],"supply_id":"5576e3ea414b711a64045ede","supplyName":"大飞烧烤","isPublic":"0","restruantdId":"5576dcbf651f96ba629f525e","restruantdName":"小当家","start":"1","createUserId":"5576e379414b711a64045edd","comfirmeUserId":"5576e379414b711a64045edd","createdAt":"2015-06-11T07:37:02.173Z","_id":"55793a9efd2936b1341c7c26"}]
Thu Jun 11 2015 15:37:02 GMT+0800 (CST):sendOfferSheetMteplate
Thu Jun 11 2015 19:31:09 GMT+0800 (CST):-----
Thu Jun 11 2015 19:31:09 GMT+0800 (CST):[{"name":"小当家","materials":[{"material_id":"556c77f1e4cb2a56570360c0","material_name":"土豆","isOffer":"1","price":"0.00"},{"material_id":"556c78ebe4cb2a56570360c2","material_name":"大白菜","isOffer":"1","price":"0.00"}],"supply_id":"5576e3ea414b711a64045ede","supplyName":"大飞烧烤","isPublic":"0","restruantdId":"5576dcbf651f96ba629f525e","restruantdName":"小当家","start":"1","createUserId":"5576e379414b711a64045edd","comfirmeUserId":"5576e379414b711a64045edd","createdAt":"2015-06-11T11:31:09.516Z","_id":"5579717d10c4e0b038b1c48b"}]
Thu Jun 11 2015 19:31:09 GMT+0800 (CST):sendOfferSheetMteplate
Thu Jun 11 2015 19:40:24 GMT+0800 (CST):-----
Thu Jun 11 2015 19:40:24 GMT+0800 (CST):[{"name":"小当家","materials":[{"material_id":"556c77f1e4cb2a56570360c0","material_name":"土豆","isOffer":"1","price":"0.00"},{"material_id":"556c78ebe4cb2a56570360c2","material_name":"大白菜","isOffer":"1","price":"0.00"}],"supply_id":"5576e3ea414b711a64045ede","supplyName":"大飞烧烤","isPublic":"0","restruantdId":"5576dcbf651f96ba629f525e","restruantdName":"小当家","start":"1","createUserId":"5576e379414b711a64045edd","comfirmeUserId":"5576e379414b711a64045edd","createdAt":"2015-06-11T11:40:24.126Z","_id":"557973a8fe7f19cd381c0347"}]
Thu Jun 11 2015 19:40:24 GMT+0800 (CST):sendOfferSheetMteplate
Fri Jun 12 2015 11:31:06 GMT+0800 (CST):-----
Fri Jun 12 2015 11:31:06 GMT+0800 (CST):[{"name":"小当家","materials":[{"material_id":"556c77f1e4cb2a56570360c0","material_name":"土豆","isOffer":"1","price":"0.00"},{"material_id":"556c78ebe4cb2a56570360c2","material_name":"大白菜","isOffer":"1","price":"0.00"}],"supply_id":"5576dd37651f96ba629f5262","supplyName":"大粪供应商","isPublic":"0","restruantdId":"5576dcbf651f96ba629f525e","restruantdName":"小当家","start":"1","createUserId":"5576dce7651f96ba629f5261","comfirmeUserId":"5576dce7651f96ba629f5261","createdAt":"2015-06-12T03:31:06.320Z","_id":"557a527a4e767de83e5b7c8a"}]
Fri Jun 12 2015 11:31:06 GMT+0800 (CST):sendOfferSheetMteplate
Fri Jun 12 2015 11:31:11 GMT+0800 (CST):-----
Fri Jun 12 2015 11:31:11 GMT+0800 (CST):[{"name":"小当家","materials":[{"material_id":"556c77f1e4cb2a56570360c0","material_name":"土豆","isOffer":"1","price":"0.00"},{"material_id":"556c78ebe4cb2a56570360c2","material_name":"大白菜","isOffer":"1","price":"0.00"}],"supply_id":"5576dd37651f96ba629f5262","supplyName":"大粪供应商","isPublic":"0","restruantdId":"5576dcbf651f96ba629f525e","restruantdName":"小当家","start":"1","createUserId":"5576dce7651f96ba629f5261","comfirmeUserId":"5576dce7651f96ba629f5261","createdAt":"2015-06-12T03:31:11.608Z","_id":"557a527f4e767de83e5b7c8b"}]
Fri Jun 12 2015 11:31:11 GMT+0800 (CST):sendOfferSheetMteplate
Fri Jun 12 2015 12:14:54 GMT+0800 (CST):-----
Fri Jun 12 2015 12:14:54 GMT+0800 (CST):[{"name":"小当家","materials":[{"material_id":"556c77f1e4cb2a56570360c0","material_name":"土豆","isOffer":"1","price":"0.00"},{"material_id":"556c78ebe4cb2a56570360c2","material_name":"大白菜","isOffer":"1","price":"0.00"}],"supply_id":"5576e3ea414b711a64045ede","supplyName":"大飞烧烤","isPublic":"0","restruantdId":"5576dcbf651f96ba629f525e","restruantdName":"小当家","start":"1","createUserId":"5576e379414b711a64045edd","comfirmeUserId":"5576e379414b711a64045edd","createdAt":"2015-06-12T04:14:54.043Z","_id":"557a5cbeee0f2b2d3f86d3e5"}]
Fri Jun 12 2015 12:14:54 GMT+0800 (CST):sendOfferSheetMteplate
Fri Jun 12 2015 12:15:53 GMT+0800 (CST):-----
Fri Jun 12 2015 12:15:53 GMT+0800 (CST):[{"name":"小当家","materials":[{"material_id":"556c77f1e4cb2a56570360c0","material_name":"土豆","isOffer":"1","price":"0.00"},{"material_id":"556c78ebe4cb2a56570360c2","material_name":"大白菜","isOffer":"1","price":"0.00"}],"supply_id":"5576dd37651f96ba629f5262","supplyName":"大粪供应商","isPublic":"0","restruantdId":"5576dcbf651f96ba629f525e","restruantdName":"小当家","start":"1","createUserId":"5576dce7651f96ba629f5261","comfirmeUserId":"5576dce7651f96ba629f5261","createdAt":"2015-06-12T04:15:53.015Z","_id":"557a5cf910fe3f353fca1315"}]
Fri Jun 12 2015 12:15:53 GMT+0800 (CST):sendOfferSheetMteplate
Fri Jun 12 2015 12:32:35 GMT+0800 (CST):-----
Fri Jun 12 2015 12:32:35 GMT+0800 (CST):[{"name":"小当家","materials":[{"material_id":"556c77f1e4cb2a56570360c0","material_name":"土豆","isOffer":"1","price":"0.00"},{"material_id":"556c78ebe4cb2a56570360c2","material_name":"大白菜","isOffer":"1","price":"0.00"}],"supply_id":"5576e3ea414b711a64045ede","supplyName":"大飞烧烤","isPublic":"0","restruantdId":"5576dcbf651f96ba629f525e","restruantdName":"小当家","start":"1","createUserId":"5576e379414b711a64045edd","comfirmeUserId":"5576e379414b711a64045edd","createdAt":"2015-06-12T04:32:35.242Z","_id":"557a60e3ab70675b3f623ab1"}]
Fri Jun 12 2015 12:32:35 GMT+0800 (CST):inquerySheetId:557a608d30b4d5553f2302bd&supplyId:5576e3ea414b711a64045ede
Fri Jun 12 2015 12:32:35 GMT+0800 (CST):sendOfferSheetMteplate
Fri Jun 12 2015 12:34:36 GMT+0800 (CST):-----
Fri Jun 12 2015 12:34:36 GMT+0800 (CST):[{"name":"小当家","materials":[{"material_id":"556c77f1e4cb2a56570360c0","material_name":"土豆","isOffer":"1","price":"0.00"},{"material_id":"556c78ebe4cb2a56570360c2","material_name":"大白菜","isOffer":"1","price":"0.00"}],"supply_id":"5576dd37651f96ba629f5262","supplyName":"大粪供应商","isPublic":"0","restruantdId":"5576dcbf651f96ba629f525e","restruantdName":"小当家","start":"1","createUserId":"5576dce7651f96ba629f5261","comfirmeUserId":"5576dce7651f96ba629f5261","createdAt":"2015-06-12T04:34:36.663Z","_id":"557a615cba86ba603fe74190"}]
Fri Jun 12 2015 12:34:36 GMT+0800 (CST):inquerySheetId:557a608d30b4d5553f2302bd&supplyId:5576dd37651f96ba629f5262
Fri Jun 12 2015 12:34:36 GMT+0800 (CST):sendOfferSheetMteplate
Fri Jun 12 2015 15:54:54 GMT+0800 (CST):-----
Fri Jun 12 2015 15:54:54 GMT+0800 (CST):[{"name":"小当家","materials":[{"material_id":"556c77f1e4cb2a56570360c0","material_name":"土豆","isOffer":"1","price":"1"},{"material_id":"556c78ebe4cb2a56570360c2","material_name":"大白菜","isOffer":"1","price":"2"}],"supply_id":"5576e3ea414b711a64045ede","supplyName":"大飞烧烤","isPublic":"0","restruantdId":"5576dcbf651f96ba629f525e","restruantdName":"小当家","start":"1","createUserId":"5576e379414b711a64045edd","comfirmeUserId":"5576e379414b711a64045edd","createdAt":"2015-06-12T07:54:54.691Z","_id":"557a904e1c0c5f3a409145c0"}]
Fri Jun 12 2015 15:54:54 GMT+0800 (CST):inquerySheetId:557a8941a81cb7f63f3c0e40&supplyId:5576e3ea414b711a64045ede
Fri Jun 12 2015 15:54:54 GMT+0800 (CST):sendOfferSheetMteplate
Fri Jun 12 2015 15:55:11 GMT+0800 (CST):-----
Fri Jun 12 2015 15:55:11 GMT+0800 (CST):[{"name":"小当家","materials":[{"material_id":"556c77f1e4cb2a56570360c0","material_name":"土豆","isOffer":"1","price":"1"},{"material_id":"556c78ebe4cb2a56570360c2","material_name":"大白菜","isOffer":"1","price":"2"}],"supply_id":"5576e3ea414b711a64045ede","supplyName":"大飞烧烤","isPublic":"0","restruantdId":"5576dcbf651f96ba629f525e","restruantdName":"小当家","start":"1","createUserId":"5576e379414b711a64045edd","comfirmeUserId":"5576e379414b711a64045edd","createdAt":"2015-06-12T07:55:11.526Z","_id":"557a905f1c0c5f3a409145c1"}]
Fri Jun 12 2015 15:55:11 GMT+0800 (CST):inquerySheetId:557a8941a81cb7f63f3c0e40&supplyId:5576e3ea414b711a64045ede
Fri Jun 12 2015 15:55:11 GMT+0800 (CST):sendOfferSheetMteplate
Fri Jun 12 2015 15:59:30 GMT+0800 (CST):-----
Fri Jun 12 2015 15:59:30 GMT+0800 (CST):[{"name":"小当家","materials":[{"material_id":"556c77f1e4cb2a56570360c0","material_name":"土豆","isOffer":"1","price":"1"},{"material_id":"556c78ebe4cb2a56570360c2","material_name":"大白菜","isOffer":"1","price":"2"}],"supply_id":"5576e3ea414b711a64045ede","supplyName":"大飞烧烤","isPublic":"0","restruantdId":"5576dcbf651f96ba629f525e","restruantdName":"小当家","start":"1","createUserId":"5576e379414b711a64045edd","comfirmeUserId":"5576e379414b711a64045edd","createdAt":"2015-06-12T07:59:30.666Z","_id":"557a91621c0c5f3a409145c2"}]
Fri Jun 12 2015 15:59:30 GMT+0800 (CST):inquerySheetId:557a8941a81cb7f63f3c0e40&supplyId:5576e3ea414b711a64045ede
Fri Jun 12 2015 15:59:30 GMT+0800 (CST):sendOfferSheetMteplate
Fri Jun 12 2015 17:11:57 GMT+0800 (CST):-----
Fri Jun 12 2015 17:11:57 GMT+0800 (CST):[{"name":"小当家","materials":[{"material_id":"556c77f1e4cb2a56570360c0","material_name":"土豆","isOffer":"1","price":"7"},{"material_id":"556c78ebe4cb2a56570360c2","material_name":"大白菜","isOffer":"1","price":"8"}],"supply_id":"5576e3ea414b711a64045ede","supplyName":"大飞烧烤","isPublic":"0","restruantdId":"5576dcbf651f96ba629f525e","restruantdName":"小当家","start":"1","createUserId":"5576e379414b711a64045edd","comfirmeUserId":"5576e379414b711a64045edd","createdAt":"2015-06-12T09:11:57.744Z","_id":"557aa25d5563a0074142da77"}]
Fri Jun 12 2015 17:11:57 GMT+0800 (CST):inquerySheetId:557aa178190ce9cc40b59826&supplyId:5576e3ea414b711a64045ede
Fri Jun 12 2015 17:11:57 GMT+0800 (CST):sendOfferSheetMteplate
Sat Jun 13 2015 01:23:25 GMT+0800 (CST):--------updatePublicOffer
Sat Jun 13 2015 01:26:07 GMT+0800 (CST):--------updatePublicOffer
Sat Jun 13 2015 01:26:07 GMT+0800 (CST):--------offerSheetDataundefined
Sat Jun 13 2015 01:28:23 GMT+0800 (CST):--------updatePublicOffer
Sat Jun 13 2015 01:28:23 GMT+0800 (CST):--------offerSheetDataundefined
Sat Jun 13 2015 01:30:14 GMT+0800 (CST):--------updatePublicOffer
Sat Jun 13 2015 01:30:14 GMT+0800 (CST):--------offerSheetDataundefined
Sat Jun 13 2015 01:32:02 GMT+0800 (CST):--------updatePublicOffer
Sat Jun 13 2015 01:35:06 GMT+0800 (CST):--------updatePublicOffer
Sat Jun 13 2015 01:37:57 GMT+0800 (CST):--------updatePublicOffer
Sat Jun 13 2015 01:50:15 GMT+0800 (CST):--------updatePublicOffer
Sat Jun 13 2015 01:50:15 GMT+0800 (CST):--------offerSheetDataundefined
Sat Jun 13 2015 01:55:59 GMT+0800 (CST):--------updatePublicOffer
Sat Jun 13 2015 01:59:28 GMT+0800 (CST):--------updatePublicOffer
Sat Jun 13 2015 01:59:28 GMT+0800 (CST):--------offerSheetDataundefined
Sat Jun 13 2015 02:01:05 GMT+0800 (CST):--------updatePublicOffer
Sat Jun 13 2015 02:01:05 GMT+0800 (CST):--------offerSheetDataundefined
Sat Jun 13 2015 02:02:12 GMT+0800 (CST):--------updatePublicOffer
Sat Jun 13 2015 02:02:12 GMT+0800 (CST):--------offerSheetDataundefined
Sat Jun 13 2015 02:02:57 GMT+0800 (CST):--------updatePublicOffer
Sat Jun 13 2015 02:02:57 GMT+0800 (CST):--------offerSheetDataundefined
Sat Jun 13 2015 02:03:42 GMT+0800 (CST):--------updatePublicOffer
Sat Jun 13 2015 02:03:42 GMT+0800 (CST):--------offerSheetDataundefined
Sat Jun 13 2015 02:04:49 GMT+0800 (CST):--------updatePublicOffer
Sat Jun 13 2015 02:04:49 GMT+0800 (CST):--------offerSheetDataundefined
Sat Jun 13 2015 02:05:06 GMT+0800 (CST):--------updatePublicOffer
Sat Jun 13 2015 02:06:34 GMT+0800 (CST):--------updatePublicOffer
Sat Jun 13 2015 02:06:34 GMT+0800 (CST):--------offerSheetDataundefined
Sat Jun 13 2015 02:23:14 GMT+0800 (CST):--------updatePublicOffer
Sat Jun 13 2015 02:23:14 GMT+0800 (CST):--------offerSheetDataundefined
Sat Jun 13 2015 02:24:58 GMT+0800 (CST):--------updatePublicOffer
Sat Jun 13 2015 02:24:58 GMT+0800 (CST):--------offerSheetDataundefined
Sat Jun 13 2015 02:25:16 GMT+0800 (CST):--------updatePublicOffer
Sat Jun 13 2015 02:25:16 GMT+0800 (CST):--------offerSheetDataundefined
Sat Jun 13 2015 02:25:37 GMT+0800 (CST):--------updatePublicOffer
Sat Jun 13 2015 02:25:37 GMT+0800 (CST):--------offerSheetDataundefined
Mon Jun 15 2015 16:11:00 GMT+0800 (CST):null
Mon Jun 15 2015 16:13:21 GMT+0800 (CST):null
Mon Jun 15 2015 16:14:30 GMT+0800 (CST):------
Mon Jun 15 2015 16:14:30 GMT+0800 (CST):null
Mon Jun 15 2015 16:16:08 GMT+0800 (CST):------
Mon Jun 15 2015 16:25:01 GMT+0800 (CST):------
Mon Jun 15 2015 16:25:01 GMT+0800 (CST):null
Mon Jun 15 2015 16:25:47 GMT+0800 (CST):------
Mon Jun 15 2015 16:25:47 GMT+0800 (CST):null
Mon Jun 15 2015 16:29:37 GMT+0800 (CST):------
